# JRE version: Java(TM) SE Runtime Environment (17.0.5+9) (build 17.0.5+9-LTS-191)
# Java VM: Java HotSpot(TM) 64-Bit Server VM (17.0.5+9-LTS-191, mixed mode, sharing, tiered, compressed oops, compressed class ptrs, g1 gc, windows-amd64)
GC Precious Log:
 CPUs: 8 total, 8 available
 Memory: 7859M
 Large Page Support: Disabled
 NUMA Support: Disabled
 Compressed Oops: Enabled (32-bit)
 Heap Region Size: 1M
 Heap Min Capacity: 8M
 Heap Initial Capacity: 124M
 Heap Max Capacity: 2G
 Pre-touch: Disabled
 Parallel Workers: 8
 Concurrent Workers: 2
 Concurrent Refinement Workers: 8
 Periodic GC: Disabled
Heap:
 garbage-first heap   total 384000K, used 323792K [0x0000000080000000, 0x0000000100000000)
  region size 1024K, 85 young (87040K), 7 survivors (7168K)
 Metaspace       used 113541K, committed 115008K, reserved 528384K
  class space    used 15686K, committed 16384K, reserved 421888K
GC Heap History (20 events):
Event: 51.889 GC heap before
{Heap before GC invocations=64 (full 0):
 garbage-first heap   total 384000K, used 239861K [0x0000000080000000, 0x0000000100000000)
  region size 1024K, 18 young (18432K), 3 survivors (3072K)
 Metaspace       used 105874K, committed 107136K, reserved 520192K
  class space    used 14852K, committed 15488K, reserved 421888K
}
Event: 51.906 GC heap after
{Heap after GC invocations=65 (full 0):
 garbage-first heap   total 384000K, used 200445K [0x0000000080000000, 0x0000000100000000)
  region size 1024K, 3 young (3072K), 3 survivors (3072K)
 Metaspace       used 105874K, committed 107136K, reserved 520192K
  class space    used 14852K, committed 15488K, reserved 421888K
}
Event: 52.510 GC heap before
{Heap before GC invocations=65 (full 0):
 garbage-first heap   total 384000K, used 215805K [0x0000000080000000, 0x0000000100000000)
  region size 1024K, 18 young (18432K), 3 survivors (3072K)
 Metaspace       used 106482K, committed 107776K, reserved 520192K
  class space    used 14916K, committed 15552K, reserved 421888K
}
Event: 52.519 GC heap after
{Heap after GC invocations=66 (full 0):
 garbage-first heap   total 384000K, used 201944K [0x0000000080000000, 0x0000000100000000)
  region size 1024K, 3 young (3072K), 3 survivors (3072K)
 Metaspace       used 106482K, committed 107776K, reserved 520192K
  class space    used 14916K, committed 15552K, reserved 421888K
}
Event: 56.038 GC heap before
{Heap before GC invocations=66 (full 0):
 garbage-first heap   total 384000K, used 308440K [0x0000000080000000, 0x0000000100000000)
  region size 1024K, 107 young (109568K), 3 survivors (3072K)
 Metaspace       used 108928K, committed 110272K, reserved 520192K
  class space    used 15212K, committed 15872K, reserved 421888K
}
Event: 56.057 GC heap after
{Heap after GC invocations=67 (full 0):
 garbage-first heap   total 384000K, used 215575K [0x0000000080000000, 0x0000000100000000)
  region size 1024K, 14 young (14336K), 14 survivors (14336K)
 Metaspace       used 108928K, committed 110272K, reserved 520192K
  class space    used 15212K, committed 15872K, reserved 421888K
}
Event: 58.409 GC heap before
{Heap before GC invocations=68 (full 0):
 garbage-first heap   total 384000K, used 305687K [0x0000000080000000, 0x0000000100000000)
  region size 1024K, 103 young (105472K), 14 survivors (14336K)
 Metaspace       used 109376K, committed 110720K, reserved 520192K
  class space    used 15271K, committed 15936K, reserved 421888K
}
Event: 58.435 GC heap after
{Heap after GC invocations=69 (full 0):
 garbage-first heap   total 384000K, used 224293K [0x0000000080000000, 0x0000000100000000)
  region size 1024K, 9 young (9216K), 9 survivors (9216K)
 Metaspace       used 109376K, committed 110720K, reserved 520192K
  class space    used 15271K, committed 15936K, reserved 421888K
}
Event: 58.478 GC heap before
{Heap before GC invocations=69 (full 0):
 garbage-first heap   total 384000K, used 232485K [0x0000000080000000, 0x0000000100000000)
  region size 1024K, 18 young (18432K), 9 survivors (9216K)
 Metaspace       used 109376K, committed 110720K, reserved 520192K
  class space    used 15271K, committed 15936K, reserved 421888K
}
Event: 58.529 GC heap after
{Heap after GC invocations=70 (full 0):
 garbage-first heap   total 384000K, used 221393K [0x0000000080000000, 0x0000000100000000)
  region size 1024K, 3 young (3072K), 3 survivors (3072K)
 Metaspace       used 109376K, committed 110720K, reserved 520192K
  class space    used 15271K, committed 15936K, reserved 421888K
}
Event: 59.672 GC heap before
{Heap before GC invocations=70 (full 0):
 garbage-first heap   total 384000K, used 310481K [0x0000000080000000, 0x0000000100000000)
  region size 1024K, 91 young (93184K), 3 survivors (3072K)
 Metaspace       used 109478K, committed 110848K, reserved 520192K
  class space    used 15282K, committed 15936K, reserved 421888K
}
Event: 59.679 GC heap after
{Heap after GC invocations=71 (full 0):
 garbage-first heap   total 384000K, used 226133K [0x0000000080000000, 0x0000000100000000)
  region size 1024K, 8 young (8192K), 8 survivors (8192K)
 Metaspace       used 109478K, committed 110848K, reserved 520192K
  class space    used 15282K, committed 15936K, reserved 421888K
}
Event: 61.128 GC heap before
{Heap before GC invocations=71 (full 0):
 garbage-first heap   total 384000K, used 315221K [0x0000000080000000, 0x0000000100000000)
  region size 1024K, 96 young (98304K), 8 survivors (8192K)
 Metaspace       used 109624K, committed 110976K, reserved 520192K
  class space    used 15295K, committed 15936K, reserved 421888K
}
Event: 61.138 GC heap after
{Heap after GC invocations=72 (full 0):
 garbage-first heap   total 384000K, used 230616K [0x0000000080000000, 0x0000000100000000)
  region size 1024K, 8 young (8192K), 8 survivors (8192K)
 Metaspace       used 109624K, committed 110976K, reserved 520192K
  class space    used 15295K, committed 15936K, reserved 421888K
}
Event: 62.957 GC heap before
{Heap before GC invocations=72 (full 0):
 garbage-first heap   total 384000K, used 317656K [0x0000000080000000, 0x0000000100000000)
  region size 1024K, 94 young (96256K), 8 survivors (8192K)
 Metaspace       used 109869K, committed 111296K, reserved 520192K
  class space    used 15316K, committed 16000K, reserved 421888K
}
Event: 62.969 GC heap after
{Heap after GC invocations=73 (full 0):
 garbage-first heap   total 384000K, used 235556K [0x0000000080000000, 0x0000000100000000)
  region size 1024K, 10 young (10240K), 10 survivors (10240K)
 Metaspace       used 109869K, committed 111296K, reserved 520192K
  class space    used 15316K, committed 16000K, reserved 421888K
}
Event: 64.775 GC heap before
{Heap before GC invocations=73 (full 0):
 garbage-first heap   total 384000K, used 319524K [0x0000000080000000, 0x0000000100000000)
  region size 1024K, 93 young (95232K), 10 survivors (10240K)
 Metaspace       used 110015K, committed 111424K, reserved 520192K
  class space    used 15332K, committed 16000K, reserved 421888K
}
Event: 64.789 GC heap after
{Heap after GC invocations=74 (full 0):
 garbage-first heap   total 384000K, used 238019K [0x0000000080000000, 0x0000000100000000)
  region size 1024K, 7 young (7168K), 7 survivors (7168K)
 Metaspace       used 110015K, committed 111424K, reserved 520192K
  class space    used 15332K, committed 16000K, reserved 421888K
}
Event: 65.609 GC heap before
{Heap before GC invocations=74 (full 0):
 garbage-first heap   total 384000K, used 320963K [0x0000000080000000, 0x0000000100000000)
  region size 1024K, 89 young (91136K), 7 survivors (7168K)
 Metaspace       used 110026K, committed 111424K, reserved 520192K
  class space    used 15332K, committed 16000K, reserved 421888K
}
Event: 65.620 GC heap after
{Heap after GC invocations=75 (full 0):
 garbage-first heap   total 384000K, used 240848K [0x0000000080000000, 0x0000000100000000)
  region size 1024K, 7 young (7168K), 7 survivors (7168K)
 Metaspace       used 110026K, committed 111424K, reserved 520192K
  class space    used 15332K, committed 16000K, reserved 421888K
}

